c:\users\andrey\source\repos\ecocampus\ecocampus\x64\debug\ecocampus.obj
c:\users\andrey\source\repos\ecocampus\ecocampus\x64\debug\nodo.obj
c:\users\andrey\source\repos\ecocampus\ecocampus\x64\debug\arista.obj
c:\users\andrey\source\repos\ecocampus\ecocampus\x64\debug\main.obj
c:\users\andrey\source\repos\ecocampus\ecocampus\x64\debug\grafo.obj
c:\users\andrey\source\repos\ecocampus\ecocampus\x64\debug\algoritmosgrafo.obj
c:\users\andrey\source\repos\ecocampus\ecocampus\x64\debug\filemanager.obj
c:\users\andrey\source\repos\ecocampus\ecocampus\x64\debug\campuscontroller.obj
c:\users\andrey\source\repos\ecocampus\ecocampus\x64\debug\vc143.pdb
c:\users\andrey\source\repos\ecocampus\ecocampus\x64\debug\vc143.idb
c:\users\andrey\source\repos\ecocampus\ecocampus\x64\debug\qrc_ecocampus.obj
c:\users\andrey\source\repos\ecocampus\ecocampus\x64\debug\moc_ecocampus.obj
c:\users\andrey\source\repos\ecocampus\ecocampus\x64\debug\qt\uic\ui_ecocampus.h
c:\users\andrey\source\repos\ecocampus\ecocampus\x64\debug\qt\rcc\qrc_ecocampus.cpp
c:\users\andrey\source\repos\ecocampus\ecocampus\x64\debug\qt\moc\moc_ecocampus.cpp
c:\users\andrey\source\repos\ecocampus\x64\debug\ecocampus.exe
c:\users\andrey\source\repos\ecocampus\x64\debug\ecocampus.pdb
c:\users\andrey\source\repos\ecocampus\ecocampus\x64\debug\ecocampus.ilk
c:\users\andrey\source\repos\ecocampus\ecocampus\x64\debug\ecocampus.obj.enc
c:\users\andrey\source\repos\ecocampus\ecocampus\x64\debug\ecocampus.tlog\cl.command.1.tlog
c:\users\andrey\source\repos\ecocampus\ecocampus\x64\debug\ecocampus.tlog\cl.items.tlog
c:\users\andrey\source\repos\ecocampus\ecocampus\x64\debug\ecocampus.tlog\cl.read.1.tlog
c:\users\andrey\source\repos\ecocampus\ecocampus\x64\debug\ecocampus.tlog\cl.write.1.tlog
c:\users\andrey\source\repos\ecocampus\ecocampus\x64\debug\ecocampus.tlog\ecocampus.write.1u.tlog
c:\users\andrey\source\repos\ecocampus\ecocampus\x64\debug\ecocampus.tlog\link.command.1.tlog
c:\users\andrey\source\repos\ecocampus\ecocampus\x64\debug\ecocampus.tlog\link.read.1.tlog
c:\users\andrey\source\repos\ecocampus\ecocampus\x64\debug\ecocampus.tlog\link.secondary.1.tlog
c:\users\andrey\source\repos\ecocampus\ecocampus\x64\debug\ecocampus.tlog\link.write.1.tlog
c:\users\andrey\source\repos\ecocampus\ecocampus\x64\debug\ecocampus.tlog\moc.read.1u.tlog
c:\users\andrey\source\repos\ecocampus\ecocampus\x64\debug\ecocampus.tlog\moc.write.1u.tlog
c:\users\andrey\source\repos\ecocampus\ecocampus\x64\debug\ecocampus.tlog\rcc.read.1u.tlog
c:\users\andrey\source\repos\ecocampus\ecocampus\x64\debug\ecocampus.tlog\rcc.write.1u.tlog
c:\users\andrey\source\repos\ecocampus\ecocampus\x64\debug\ecocampus.tlog\uic.read.1u.tlog
c:\users\andrey\source\repos\ecocampus\ecocampus\x64\debug\ecocampus.tlog\uic.write.1u.tlog
